[debug] [2023-10-22T01:49:58.677Z] ----------------------------------------------------------------------
[debug] [2023-10-22T01:49:58.678Z] Command:       /Users/ericstraw/.nvm/versions/node/v18.11.0/bin/node /Users/ericstraw/.nvm/versions/node/v18.11.0/bin/firebase deploy
[debug] [2023-10-22T01:49:58.678Z] CLI Version:   12.7.0
[debug] [2023-10-22T01:49:58.679Z] Platform:      darwin
[debug] [2023-10-22T01:49:58.679Z] Node Version:  v18.11.0
[debug] [2023-10-22T01:49:58.679Z] Time:          Sat Oct 21 2023 20:49:58 GMT-0500 (Central Daylight Time)
[debug] [2023-10-22T01:49:58.679Z] ----------------------------------------------------------------------
[debug] 
[debug] [2023-10-22T01:49:58.718Z] > command requires scopes: ["email","openid","https://www.googleapis.com/auth/cloudplatformprojects.readonly","https://www.googleapis.com/auth/firebase","https://www.googleapis.com/auth/cloud-platform"]
[debug] [2023-10-22T01:49:58.719Z] > authorizing via signed-in user (easports1059@gmail.com)
[debug] [2023-10-22T01:49:58.719Z] [iam] checking project waterdeep-4bf5f for permissions ["firebase.projects.get","firebasehosting.sites.update"]
[debug] [2023-10-22T01:49:58.720Z] >>> [apiv2][query] POST https://cloudresourcemanager.googleapis.com/v1/projects/waterdeep-4bf5f:testIamPermissions [none]
[debug] [2023-10-22T01:49:58.720Z] >>> [apiv2][(partial)header] POST https://cloudresourcemanager.googleapis.com/v1/projects/waterdeep-4bf5f:testIamPermissions x-goog-quota-user=projects/waterdeep-4bf5f
[debug] [2023-10-22T01:49:58.720Z] >>> [apiv2][body] POST https://cloudresourcemanager.googleapis.com/v1/projects/waterdeep-4bf5f:testIamPermissions {"permissions":["firebase.projects.get","firebasehosting.sites.update"]}
[debug] [2023-10-22T01:49:58.861Z] <<< [apiv2][status] POST https://cloudresourcemanager.googleapis.com/v1/projects/waterdeep-4bf5f:testIamPermissions 200
[debug] [2023-10-22T01:49:58.862Z] <<< [apiv2][body] POST https://cloudresourcemanager.googleapis.com/v1/projects/waterdeep-4bf5f:testIamPermissions {"permissions":["firebase.projects.get","firebasehosting.sites.update"]}
[debug] [2023-10-22T01:49:58.863Z] >>> [apiv2][query] GET https://firebase.googleapis.com/v1beta1/projects/waterdeep-4bf5f [none]
[debug] [2023-10-22T01:49:59.032Z] <<< [apiv2][status] GET https://firebase.googleapis.com/v1beta1/projects/waterdeep-4bf5f 200
[debug] [2023-10-22T01:49:59.032Z] <<< [apiv2][body] GET https://firebase.googleapis.com/v1beta1/projects/waterdeep-4bf5f {"projectId":"waterdeep-4bf5f","projectNumber":"624056081844","displayName":"Waterdeep-Times","name":"projects/waterdeep-4bf5f","resources":{"hostingSite":"waterdeep-4bf5f"},"state":"ACTIVE","etag":"1_fe81218a-ad0d-4e37-b76d-e42623cc88a6"}
[debug] [2023-10-22T01:50:00.798Z] >>> [apiv2][query] GET https://firebasehosting.googleapis.com/v1beta1/projects/waterdeep-4bf5f/sites pageToken=&pageSize=10
[debug] [2023-10-22T01:50:01.046Z] <<< [apiv2][status] GET https://firebasehosting.googleapis.com/v1beta1/projects/waterdeep-4bf5f/sites 200
[debug] [2023-10-22T01:50:01.046Z] <<< [apiv2][body] GET https://firebasehosting.googleapis.com/v1beta1/projects/waterdeep-4bf5f/sites {"sites":[{"name":"projects/waterdeep-4bf5f/sites/waterdeep-4bf5f","defaultUrl":"https://waterdeep-4bf5f.web.app","appId":"1:624056081844:web:0e094880c744c30f82e6e1","type":"DEFAULT_SITE"}]}
[debug] [2023-10-22T01:50:01.046Z] >>> [apiv2][query] GET https://firebase.googleapis.com/v1beta1/projects/-/webApps/1:624056081844:web:0e094880c744c30f82e6e1/config [none]
[debug] [2023-10-22T01:50:01.292Z] <<< [apiv2][status] GET https://firebase.googleapis.com/v1beta1/projects/-/webApps/1:624056081844:web:0e094880c744c30f82e6e1/config 200
[debug] [2023-10-22T01:50:01.292Z] <<< [apiv2][body] GET https://firebase.googleapis.com/v1beta1/projects/-/webApps/1:624056081844:web:0e094880c744c30f82e6e1/config {"projectId":"waterdeep-4bf5f","appId":"1:624056081844:web:0e094880c744c30f82e6e1","storageBucket":"waterdeep-4bf5f.appspot.com","apiKey":"AIzaSyAwmo6c-Ves3oyasu4_sDfDqwSgCjJwbag","authDomain":"waterdeep-4bf5f.firebaseapp.com","messagingSenderId":"624056081844","measurementId":"G-3GG1LSLS3Z"}
[info] 
   Thank you for trying our early preview of Next.js support on Firebase Hosting.
   During the preview, support is best-effort and breaking changes can be expected. Proceed with caution.

   Documentation: https://firebase.google.com/docs/hosting/frameworks/nextjs
   File a bug: https://github.com/firebase/firebase-tools/issues/new?template=bug_report.md
   Submit a feature request: https://github.com/firebase/firebase-tools/issues/new?template=feature_request.md

   We'd love to learn from you. Express your interest in helping us shape the future of Firebase Hosting: https://goo.gle/41enW5X

